<?xml version="1.0" encoding="UTF-8"?>
<!-- Generated by org.testng.reporters.JUnitReportReporter -->
<testsuite hostname="Pikachu" failures="0" tests="1" name="firsttestngpackage.FirstTestNGFile" time="1.411" errors="0" timestamp="2023-04-23T19:00:11 IST" skipped="0">
  <testcase classname="firsttestngpackage.FirstTestNGFile" name="register" time="1.411"/>
  <system-out/>
</testsuite> <!-- firsttestngpackage.FirstTestNGFile -->
