<?xml version="1.0" encoding="UTF-8"?>
<!-- Generated by org.testng.reporters.JUnitReportReporter -->
<testsuite hostname="Pikachu" failures="0" tests="4" name="com.NewTest" time="4.933" errors="0" timestamp="2023-05-01T13:21:37 IST" skipped="0">
  <testcase classname="com.NewTest" name="testo" time="0.096"/>
  <system-out/>
  <testcase classname="com.NewTest" name="testo" time="4.582"/>
  <system-out/>
  <testcase classname="com.NewTest" name="testo" time="0.155"/>
  <system-out/>
  <testcase classname="com.NewTest" name="testo" time="0.100"/>
  <system-out/>
</testsuite> <!-- com.NewTest -->
